2025-03-18 13:25:16,900 - INFO - Avvio script di offuscamento del database
2025-03-18 13:25:16,903 - INFO - Avvio processo di offuscamento del database
2025-03-18 13:25:16,968 - INFO - Connesso al DB sorgente: procurement
2025-03-18 13:25:16,970 - INFO - Connesso al DB destinazione: procurement_audit
2025-03-18 13:25:16,970 - INFO - Elaborazione tabella: users
2025-03-18 13:25:16,978 - ERROR - Errore nell'elaborazione della tabella users: 1146 (42S02): Table 'procurement.users' doesn't exist
2025-03-18 13:25:16,978 - ERROR - Errore durante il processo di offuscamento: 1146 (42S02): Table 'procurement.users' doesn't exist
2025-03-18 13:25:16,979 - INFO - Connessione al DB sorgente chiusa
2025-03-18 13:25:16,981 - INFO - Connessione al DB destinazione chiusa
2025-03-18 13:25:16,981 - ERROR - Errore critico: 1146 (42S02): Table 'procurement.users' doesn't exist
Traceback (most recent call last):
  File "c:\tmp\vm_obfuscator\db_obfuscator.py", line 441, in main
    obfuscator.run()
  File "c:\tmp\vm_obfuscator\db_obfuscator.py", line 424, in run
    self.process_table(table)
  File "c:\tmp\vm_obfuscator\db_obfuscator.py", line 321, in process_table
    columns, create_table_sql = self.get_table_structure(table_name)
                                ^^^^^^^^^^^^^^^^^^^^^^^^^^^^^^^^^^^^
  File "c:\tmp\vm_obfuscator\db_obfuscator.py", line 139, in get_table_structure
    cursor.execute(f"DESCRIBE {table_name}")
  File "C:\Users\cr01289\AppData\Roaming\Python\Python311\site-packages\mysql\connector\cursor.py", line 617, in execute
    self._handle_result(self._connection.cmd_query(stmt))
                        ^^^^^^^^^^^^^^^^^^^^^^^^^^^^^^^^
  File "C:\Users\cr01289\AppData\Roaming\Python\Python311\site-packages\mysql\connector\opentelemetry\context_propagation.py", line 77, in wrapper
    return method(cnx, *args, **kwargs)
           ^^^^^^^^^^^^^^^^^^^^^^^^^^^^
  File "C:\Users\cr01289\AppData\Roaming\Python\Python311\site-packages\mysql\connector\connection.py", line 1069, in cmd_query
    result = self._handle_result(self._send_cmd(ServerCmd.QUERY, query))
             ^^^^^^^^^^^^^^^^^^^^^^^^^^^^^^^^^^^^^^^^^^^^^^^^^^^^^^^^^^^
  File "C:\Users\cr01289\AppData\Roaming\Python\Python311\site-packages\mysql\connector\connection.py", line 846, in _handle_result
    raise get_exception(packet)
mysql.connector.errors.ProgrammingError: 1146 (42S02): Table 'procurement.users' doesn't exist
2025-03-18 13:28:17,320 - INFO - Avvio script di offuscamento del database
2025-03-18 13:28:17,320 - INFO - Avvio processo di offuscamento del database
2025-03-18 13:28:17,371 - INFO - Connesso al DB sorgente: procurement
2025-03-18 13:28:17,378 - INFO - Connesso al DB destinazione: procurement_audit
2025-03-18 13:28:17,379 - INFO - Elaborazione tabella: supplier_class
2025-03-18 13:28:17,412 - INFO - Tabella supplier_class ricreata nel database destinazione
2025-03-18 13:28:17,479 - INFO - Trovati 1514 record nella tabella supplier_class
2025-03-18 13:28:17,485 - INFO - Campo vendor_desc: tipo varchar -> offuscamento text
2025-03-18 13:28:17,491 - INFO - Campo piva: tipo varchar -> offuscamento text
2025-03-18 13:28:17,500 - INFO - Campo cod_fisc: tipo varchar -> offuscamento text
2025-03-18 13:28:17,664 - INFO - Elaborati 1000/1514 record nella tabella supplier_class
2025-03-18 13:28:17,745 - INFO - Elaborati 1514/1514 record nella tabella supplier_class
2025-03-18 13:28:17,745 - INFO - Tabella supplier_class elaborata con successo
2025-03-18 13:28:17,745 - INFO - Processo di offuscamento completato. Tabelle elaborate: 1
2025-03-18 13:28:17,745 - INFO - Connessione al DB sorgente chiusa
2025-03-18 13:28:17,745 - INFO - Connessione al DB destinazione chiusa
2025-03-18 13:28:17,745 - INFO - Script completato con successo
2025-03-18 13:29:24,038 - INFO - Avvio script di offuscamento del database
2025-03-18 13:29:24,038 - INFO - Avvio processo di offuscamento del database
2025-03-18 13:29:24,089 - INFO - Connesso al DB sorgente: procurement
2025-03-18 13:29:24,096 - INFO - Connesso al DB destinazione: procurement_audit
2025-03-18 13:29:24,096 - INFO - Elaborazione tabella: supplier_class
2025-03-18 13:29:24,126 - INFO - Tabella supplier_class ricreata nel database destinazione
2025-03-18 13:29:24,195 - INFO - Trovati 1514 record nella tabella supplier_class
2025-03-18 13:29:24,207 - INFO - Campo vendor_desc: tipo varchar -> offuscamento text
2025-03-18 13:29:24,216 - INFO - Campo piva: tipo varchar -> offuscamento text
2025-03-18 13:29:24,222 - INFO - Campo cod_fisc: tipo varchar -> offuscamento text
2025-03-18 13:29:24,232 - INFO - Campo capogruppo: tipo varchar -> offuscamento text
2025-03-18 13:29:24,463 - INFO - Elaborati 1000/1514 record nella tabella supplier_class
2025-03-18 13:29:24,551 - INFO - Elaborati 1514/1514 record nella tabella supplier_class
2025-03-18 13:29:24,551 - INFO - Tabella supplier_class elaborata con successo
2025-03-18 13:29:24,551 - INFO - Processo di offuscamento completato. Tabelle elaborate: 1
2025-03-18 13:29:24,551 - INFO - Connessione al DB sorgente chiusa
2025-03-18 13:29:24,551 - INFO - Connessione al DB destinazione chiusa
2025-03-18 13:29:24,551 - INFO - Script completato con successo
2025-03-18 13:30:13,732 - INFO - Avvio script di offuscamento del database
2025-03-18 13:30:13,737 - INFO - Avvio processo di offuscamento del database
2025-03-18 13:30:13,782 - INFO - Connesso al DB sorgente: procurement
2025-03-18 13:30:13,782 - INFO - Connesso al DB destinazione: procurement_audit
2025-03-18 13:30:13,782 - INFO - Elaborazione tabella: supplier_class
2025-03-18 13:30:13,820 - INFO - Tabella supplier_class ricreata nel database destinazione
2025-03-18 13:30:13,895 - INFO - Trovati 1514 record nella tabella supplier_class
2025-03-18 13:30:13,903 - INFO - Campo vendor_desc: tipo varchar -> offuscamento text
2025-03-18 13:30:13,910 - INFO - Campo piva: tipo varchar -> offuscamento text
2025-03-18 13:30:13,918 - INFO - Campo cod_fisc: tipo varchar -> offuscamento text
2025-03-18 13:30:13,924 - INFO - Campo capogruppo: tipo varchar -> offuscamento text
2025-03-18 13:30:13,933 - INFO - Campo jag_email: tipo varchar -> offuscamento text
2025-03-18 13:30:14,140 - INFO - Elaborati 1000/1514 record nella tabella supplier_class
2025-03-18 13:30:14,227 - INFO - Elaborati 1514/1514 record nella tabella supplier_class
2025-03-18 13:30:14,227 - INFO - Tabella supplier_class elaborata con successo
2025-03-18 13:30:14,227 - INFO - Processo di offuscamento completato. Tabelle elaborate: 1
2025-03-18 13:30:14,227 - INFO - Connessione al DB sorgente chiusa
2025-03-18 13:30:14,235 - INFO - Connessione al DB destinazione chiusa
2025-03-18 13:30:14,235 - INFO - Script completato con successo
2025-03-18 13:30:49,906 - INFO - Avvio script di offuscamento del database
2025-03-18 13:30:49,911 - INFO - Avvio processo di offuscamento del database
2025-03-18 13:30:49,986 - INFO - Connesso al DB sorgente: procurement
2025-03-18 13:30:49,990 - INFO - Connesso al DB destinazione: procurement_audit
2025-03-18 13:30:49,990 - INFO - Elaborazione tabella: supplier_class
2025-03-18 13:30:50,048 - INFO - Tabella supplier_class ricreata nel database destinazione
2025-03-18 13:30:50,161 - INFO - Trovati 1514 record nella tabella supplier_class
2025-03-18 13:30:50,175 - INFO - Campo vendor_desc: tipo varchar -> offuscamento text
2025-03-18 13:30:50,184 - INFO - Campo piva: tipo varchar -> offuscamento text
2025-03-18 13:30:50,191 - INFO - Campo cod_fisc: tipo varchar -> offuscamento text
2025-03-18 13:30:50,201 - INFO - Campo capogruppo: tipo varchar -> offuscamento text
2025-03-18 13:30:50,211 - INFO - Campo jag_email: tipo varchar -> offuscamento text
2025-03-18 13:30:50,391 - INFO - Elaborati 1000/1514 record nella tabella supplier_class
2025-03-18 13:30:50,475 - INFO - Elaborati 1514/1514 record nella tabella supplier_class
2025-03-18 13:30:50,476 - INFO - Tabella supplier_class elaborata con successo
2025-03-18 13:30:50,477 - INFO - Processo di offuscamento completato. Tabelle elaborate: 1
2025-03-18 13:30:50,478 - INFO - Connessione al DB sorgente chiusa
2025-03-18 13:30:50,479 - INFO - Connessione al DB destinazione chiusa
2025-03-18 13:30:50,479 - INFO - Script completato con successo
2025-03-18 13:37:23,510 - INFO - Avvio script di offuscamento del database
2025-03-18 13:37:23,512 - INFO - Avvio processo di offuscamento del database
2025-03-18 13:37:23,563 - INFO - Connesso al DB sorgente: procurement
2025-03-18 13:37:23,568 - INFO - Connesso al DB destinazione: procurement_audit
2025-03-18 13:37:23,569 - INFO - Elaborazione tabella: supplier_class
2025-03-18 13:37:23,599 - INFO - Tabella supplier_class ricreata nel database destinazione
2025-03-18 13:37:23,671 - INFO - Trovati 1514 record nella tabella supplier_class
2025-03-18 13:37:23,677 - INFO - Campo vendor_desc: tipo varchar -> offuscamento text
2025-03-18 13:37:23,683 - INFO - Campo piva: tipo varchar -> offuscamento text
2025-03-18 13:37:23,691 - INFO - Campo cod_fisc: tipo varchar -> offuscamento text
2025-03-18 13:37:23,699 - INFO - Campo capogruppo: tipo varchar -> offuscamento text
2025-03-18 13:37:23,708 - INFO - Campo jag_email: tipo varchar -> offuscamento text
2025-03-18 13:37:23,915 - INFO - Elaborati 1000/1514 record nella tabella supplier_class
2025-03-18 13:37:24,012 - INFO - Elaborati 1514/1514 record nella tabella supplier_class
2025-03-18 13:37:24,012 - INFO - Tabella supplier_class elaborata con successo
2025-03-18 13:37:24,012 - INFO - Processo di offuscamento completato. Tabelle elaborate: 1
2025-03-18 13:37:24,012 - INFO - Connessione al DB sorgente chiusa
2025-03-18 13:37:24,025 - INFO - Connessione al DB destinazione chiusa
2025-03-18 13:37:24,025 - INFO - Script completato con successo
2025-03-18 13:38:17,964 - INFO - Avvio script di offuscamento del database
2025-03-18 13:38:17,964 - INFO - Avvio processo di offuscamento del database
2025-03-18 13:38:18,012 - INFO - Connesso al DB sorgente: procurement
2025-03-18 13:38:18,012 - INFO - Connesso al DB destinazione: procurement_audit
2025-03-18 13:38:18,012 - INFO - Elaborazione tabella: supplier_class
2025-03-18 13:38:18,042 - INFO - Tabella supplier_class ricreata nel database destinazione
2025-03-18 13:38:18,119 - INFO - Trovati 1514 record nella tabella supplier_class
2025-03-18 13:38:18,125 - INFO - Campo vendor_desc: tipo varchar -> offuscamento text
2025-03-18 13:38:18,131 - INFO - Campo piva: tipo varchar -> offuscamento text
2025-03-18 13:38:18,138 - INFO - Campo cod_fisc: tipo varchar -> offuscamento text
2025-03-18 13:38:18,145 - INFO - Campo capogruppo: tipo varchar -> offuscamento text
2025-03-18 13:38:18,150 - INFO - Campo jag_email: tipo varchar -> offuscamento text
2025-03-18 13:38:18,159 - INFO - Campo chiave_capogruppo: tipo varchar -> offuscamento text
2025-03-18 13:38:18,338 - INFO - Elaborati 1000/1514 record nella tabella supplier_class
2025-03-18 13:38:18,465 - INFO - Elaborati 1514/1514 record nella tabella supplier_class
2025-03-18 13:38:18,466 - INFO - Tabella supplier_class elaborata con successo
2025-03-18 13:38:18,467 - INFO - Processo di offuscamento completato. Tabelle elaborate: 1
2025-03-18 13:38:18,468 - INFO - Connessione al DB sorgente chiusa
2025-03-18 13:38:18,469 - INFO - Connessione al DB destinazione chiusa
2025-03-18 13:38:18,469 - INFO - Script completato con successo
2025-03-19 11:35:35,423 - INFO - Avvio script di offuscamento del database
2025-03-19 11:35:35,429 - INFO - Avvio processo di offuscamento del database
2025-03-19 11:35:35,589 - INFO - Connesso al DB sorgente: procurement
2025-03-19 11:35:35,597 - INFO - Connesso al DB destinazione: procurement_audit
2025-03-19 11:35:35,597 - INFO - Elaborazione tabella: supplier_class
2025-03-19 11:35:35,670 - INFO - Tabella supplier_class ricreata nel database destinazione
2025-03-19 11:35:35,839 - INFO - Trovati 1515 record nella tabella supplier_class
2025-03-19 11:35:35,857 - INFO - Campo vendor_desc: tipo varchar -> offuscamento text
2025-03-19 11:35:35,880 - INFO - Campo piva: tipo varchar -> offuscamento text
2025-03-19 11:35:35,891 - INFO - Campo cod_fisc: tipo varchar -> offuscamento text
2025-03-19 11:35:35,905 - INFO - Campo capogruppo: tipo varchar -> offuscamento text
2025-03-19 11:35:35,920 - INFO - Campo jag_email: tipo varchar -> offuscamento text
2025-03-19 11:35:35,944 - INFO - Campo chiave_capogruppo: tipo varchar -> offuscamento text
2025-03-19 11:35:36,498 - INFO - Elaborati 1000/1515 record nella tabella supplier_class
2025-03-19 11:35:36,649 - INFO - Elaborati 1515/1515 record nella tabella supplier_class
2025-03-19 11:35:36,649 - INFO - Tabella supplier_class elaborata con successo
2025-03-19 11:35:36,658 - INFO - Elaborazione tabella: maturity_wall
2025-03-19 11:35:36,710 - INFO - Tabella maturity_wall ricreata nel database destinazione
2025-03-19 11:35:36,789 - INFO - Trovati 480 record nella tabella maturity_wall
2025-03-19 11:35:36,806 - INFO - Campo data_spedizione_contratto: tipo date -> offuscamento date
2025-03-19 11:35:37,022 - INFO - Elaborati 480/480 record nella tabella maturity_wall
2025-03-19 11:35:37,022 - INFO - Tabella maturity_wall elaborata con successo
2025-03-19 11:35:37,024 - INFO - Processo di offuscamento completato. Tabelle elaborate: 2
2025-03-19 11:35:37,025 - INFO - Connessione al DB sorgente chiusa
2025-03-19 11:35:37,025 - INFO - Connessione al DB destinazione chiusa
2025-03-19 11:35:37,026 - INFO - Script completato con successo
